<?xml version="1.0" encoding="UTF-8"?>
<testng-results ignored="4" total="5" passed="1" failed="0" skipped="0">
  <reporter-output>
  </reporter-output>
  <suite started-at="2024-09-07T16:35:20 IST" name="Default suite" finished-at="2024-09-07T16:35:28 IST" duration-ms="7840">
    <groups>
    </groups>
    <test started-at="2024-09-07T16:35:20 IST" name="Default test" finished-at="2024-09-07T16:35:28 IST" duration-ms="7840">
      <class name="theoutpostP0TCs.FirstFiveP0TCs">
        <test-method is-config="true" signature="setup()[pri:0, instance:theoutpostP0TCs.FirstFiveP0TCs@5656be13]" started-at="2024-09-07T16:35:20 IST" name="setup" finished-at="2024-09-07T16:35:25 IST" duration-ms="4378" status="PASS">
          <reporter-output>
          </reporter-output>
        </test-method> <!-- setup -->
        <test-method signature="checkPresenceofLinks()[pri:2, instance:theoutpostP0TCs.FirstFiveP0TCs@5656be13]" started-at="2024-09-07T16:35:25 IST" name="checkPresenceofLinks" finished-at="2024-09-07T16:35:28 IST" duration-ms="3086" status="PASS">
          <reporter-output>
          </reporter-output>
        </test-method> <!-- checkPresenceofLinks -->
        <test-method is-config="true" signature="tearDown()[pri:0, instance:theoutpostP0TCs.FirstFiveP0TCs@5656be13]" started-at="2024-09-07T16:35:28 IST" name="tearDown" finished-at="2024-09-07T16:35:28 IST" duration-ms="325" status="PASS">
          <reporter-output>
          </reporter-output>
        </test-method> <!-- tearDown -->
      </class> <!-- theoutpostP0TCs.FirstFiveP0TCs -->
    </test> <!-- Default test -->
  </suite> <!-- Default suite -->
</testng-results>
