<?xml version="1.0" encoding="UTF-8"?>
<!-- Generated by org.testng.reporters.JUnitXMLReporter -->
<testsuite ignored="4" hostname="Shafaf" failures="0" tests="1" name="Default test" time="7.84" errors="0" timestamp="2024-09-07T16:35:28 IST">
  <testcase classname="theoutpostP0TCs.FirstFiveP0TCs" name="checkPresenceofLinks" time="3.086"/>
  <testcase classname="theoutpostP0TCs.FirstFiveP0TCs" name="testPageLoad" time="0.0">
    <ignored/>
  </testcase> <!-- testPageLoad -->
  <testcase classname="theoutpostP0TCs.FirstFiveP0TCs" name="testResponsiveLayout" time="0.0">
    <ignored/>
  </testcase> <!-- testResponsiveLayout -->
  <testcase classname="theoutpostP0TCs.FirstFiveP0TCs" name="testSearchFunctionality" time="0.0">
    <ignored/>
  </testcase> <!-- testSearchFunctionality -->
  <testcase classname="theoutpostP0TCs.FirstFiveP0TCs" name="testNewsletterSubscription" time="0.0">
    <ignored/>
  </testcase> <!-- testNewsletterSubscription -->
</testsuite> <!-- Default test -->
